2024-11-21 04:17:31,870 - DEBUG - Using proactor: IocpProactor
2024-11-21 04:17:31,870 - DEBUG - Starting new HTTPS connection (1): www.google.com:443
2024-11-21 04:17:32,058 - DEBUG - https://www.google.com:443 "GET / HTTP/11" 200 None
2024-11-21 04:17:32,058 - INFO - Conectividade com https://www.google.com verificada.
2024-11-21 04:17:34,382 - INFO - Navegador Edge aberto com sucesso.
2024-11-21 04:17:44,801 - INFO - Pesquisa realizada: How does education impact society?
2024-11-21 04:17:54,007 - INFO - Dados de navegação e cookies limpos com sucesso.
2024-11-21 04:17:54,007 - INFO - Automação concluída com sucesso.
2024-11-21 04:20:03,429 - DEBUG - Using proactor: IocpProactor
2024-11-21 04:20:03,429 - DEBUG - Starting new HTTPS connection (1): www.google.com:443
2024-11-21 04:20:03,601 - DEBUG - https://www.google.com:443 "GET / HTTP/11" 200 None
2024-11-21 04:20:03,617 - INFO - Conectividade com https://www.google.com verificada.
2024-11-21 04:20:05,924 - INFO - Navegador Edge aberto com sucesso.
2024-11-21 04:20:16,344 - INFO - Pesquisa realizada: How does geography impact society?
2024-11-21 04:20:25,562 - INFO - Dados de navegação e cookies limpos com sucesso.
2024-11-21 04:20:25,562 - INFO - Automação concluída com sucesso.
2024-11-21 04:33:26,852 - DEBUG - Using proactor: IocpProactor
2024-11-21 04:33:26,852 - DEBUG - Starting new HTTPS connection (1): www.google.com:443
2024-11-21 04:33:27,039 - DEBUG - https://www.google.com:443 "GET / HTTP/11" 200 None
2024-11-21 04:33:27,055 - INFO - Conectividade com https://www.google.com verificada.
2024-11-21 04:33:29,362 - INFO - Navegador Edge aberto com sucesso.
2024-11-21 04:33:39,783 - INFO - Pesquisa realizada: What is design?
2024-11-21 04:33:44,793 - INFO - Automação concluída com sucesso.
2024-11-21 04:37:47,403 - DEBUG - Using proactor: IocpProactor
2024-11-21 04:37:47,403 - DEBUG - Starting new HTTPS connection (1): www.google.com:443
2024-11-21 04:37:47,606 - DEBUG - https://www.google.com:443 "GET / HTTP/11" 200 None
2024-11-21 04:37:47,606 - INFO - Conectividade com https://www.google.com verificada.
2024-11-21 04:37:49,926 - INFO - Navegador Edge aberto com sucesso.
2024-11-21 04:38:00,355 - INFO - Pesquisa realizada: What are the main challenges in philosophy?
2024-11-21 04:38:05,357 - INFO - Automação concluída com sucesso.
