2024-11-19 14:08:40,199 - WARNING - Não foi possível carregar o ícone: bitmap "Luffys_flag.ico" not defined
2024-11-19 14:08:40,199 - WARNING - Não foi possível carregar a imagem: couldn't open "22287dragon_98813.png": no such file or directory
2024-11-19 14:08:53,586 - DEBUG - Using proactor: IocpProactor
2024-11-19 14:08:53,586 - DEBUG - Starting new HTTPS connection (1): www.google.com:443
2024-11-19 14:08:53,789 - DEBUG - https://www.google.com:443 "GET / HTTP/11" 200 None
2024-11-19 14:08:53,789 - INFO - Conectividade com https://www.google.com verificada.
2024-11-19 14:08:56,113 - INFO - Navegador Edge aberto com sucesso.
2024-11-19 14:09:06,543 - INFO - Pesquisa realizada: What are the main challenges in finance?
2024-11-19 14:09:15,746 - INFO - Dados de navegação e cookies limpos com sucesso.
2024-11-19 14:09:15,746 - INFO - Automação concluída com sucesso.
2024-11-21 03:53:09,090 - WARNING - Não foi possível carregar o ícone: bitmap "Luffys_flag.ico" not defined
2024-11-21 03:53:09,090 - WARNING - Não foi possível carregar a imagem: couldn't open "22287dragon_98813.png": no such file or directory
2024-11-21 03:53:11,184 - DEBUG - Using proactor: IocpProactor
2024-11-21 03:53:11,184 - DEBUG - Starting new HTTPS connection (1): www.google.com:443
2024-11-21 03:53:11,403 - DEBUG - https://www.google.com:443 "GET / HTTP/11" 200 None
2024-11-21 03:53:11,403 - INFO - Conectividade com https://www.google.com verificada.
2024-11-21 03:53:13,709 - INFO - Navegador Edge aberto com sucesso.
2024-11-21 03:53:24,131 - INFO - Pesquisa realizada: What is philosophy?
2024-11-21 03:53:39,552 - INFO - Pesquisa realizada: Who are the leading experts in philosophy?
2024-11-21 03:53:54,965 - INFO - Pesquisa realizada: How to make money with philosophy
2024-11-21 03:54:10,372 - INFO - Pesquisa realizada: What are the latest news in philosophy?
